==13986== Memcheck, a memory error detector
==13986== Copyright (C) 2002-2015, and GNU GPL'd, by Julian Seward et al.
==13986== Using Valgrind-3.12.0.SVN and LibVEX; rerun with -h for copyright info
==13986== Command: ./battleship
==13986== Parent PID: 2777
==13986== 
--13986-- 
--13986-- Valgrind options:
--13986--    -v
--13986--    --tool=memcheck
--13986--    --leak-check=full
--13986--    --num-callers=40
--13986--    --log-file=valgrind.log
--13986-- Contents of /proc/version:
--13986--   Linux version 4.15.0-88-generic (buildd@lgw01-amd64-036) (gcc version 7.4.0 (Ubuntu 7.4.0-1ubuntu1~18.04.1)) #88-Ubuntu SMP Tue Feb 11 20:11:34 UTC 2020
--13986-- 
--13986-- Arch and hwcaps: AMD64, LittleEndian, amd64-cx16-lzcnt-rdtscp-sse3-avx-avx2-bmi
--13986-- Page sizes: currently 4096, max supported 4096
--13986-- Valgrind library directory: /usr/lib/valgrind
--13986-- Reading syms from /workspaces/OO_CPP/Final_Project/build/battleship
--13986-- Reading syms from /lib/x86_64-linux-gnu/ld-2.24.so
--13986--   Considering /usr/lib/debug/.build-id/60/6df9c355103e82140d513bc7a25a635591c153.debug ..
--13986--   .. build-id is valid
--13986-- Reading syms from /usr/lib/valgrind/memcheck-amd64-linux
--13986--   Considering /usr/lib/valgrind/memcheck-amd64-linux ..
--13986--   .. CRC mismatch (computed db5b2ec5 wanted 0eae776b)
--13986--   Considering /usr/lib/debug/usr/lib/valgrind/memcheck-amd64-linux ..
--13986--   .. CRC is valid
--13986--    object doesn't have a dynamic symbol table
--13986-- Scheduler: using generic scheduler lock implementation.
--13986-- Reading suppressions file: /usr/lib/valgrind/default.supp
==13986== embedded gdbserver: reading from /tmp/vgdb-pipe-from-vgdb-to-13986-by-???-on-6b77b2fcdc5b
==13986== embedded gdbserver: writing to   /tmp/vgdb-pipe-to-vgdb-from-13986-by-???-on-6b77b2fcdc5b
==13986== embedded gdbserver: shared mem   /tmp/vgdb-pipe-shared-mem-vgdb-13986-by-???-on-6b77b2fcdc5b
==13986== 
==13986== TO CONTROL THIS PROCESS USING vgdb (which you probably
==13986== don't want to do, unless you know exactly what you're doing,
==13986== or are doing some strange experiment):
==13986==   /usr/lib/valgrind/../../bin/vgdb --pid=13986 ...command...
==13986== 
==13986== TO DEBUG THIS PROCESS USING GDB: start GDB like this
==13986==   /path/to/gdb ./battleship
==13986== and then give GDB the following command
==13986==   target remote | /usr/lib/valgrind/../../bin/vgdb --pid=13986
==13986== --pid is optional if only one valgrind process is running
==13986== 
--13986-- REDIR: 0x401aec0 (ld-linux-x86-64.so.2:strlen) redirected to 0x3809de81 (vgPlain_amd64_linux_REDIR_FOR_strlen)
--13986-- REDIR: 0x4019770 (ld-linux-x86-64.so.2:index) redirected to 0x3809de9b (vgPlain_amd64_linux_REDIR_FOR_index)
--13986-- Reading syms from /usr/lib/valgrind/vgpreload_core-amd64-linux.so
--13986--   Considering /usr/lib/valgrind/vgpreload_core-amd64-linux.so ..
--13986--   .. CRC mismatch (computed 74a069fa wanted 84d99202)
--13986--   Considering /usr/lib/debug/usr/lib/valgrind/vgpreload_core-amd64-linux.so ..
--13986--   .. CRC is valid
--13986-- Reading syms from /usr/lib/valgrind/vgpreload_memcheck-amd64-linux.so
--13986--   Considering /usr/lib/valgrind/vgpreload_memcheck-amd64-linux.so ..
--13986--   .. CRC mismatch (computed 88f2547e wanted 8a7a4459)
--13986--   Considering /usr/lib/debug/usr/lib/valgrind/vgpreload_memcheck-amd64-linux.so ..
--13986--   .. CRC is valid
==13986== WARNING: new redirection conflicts with existing -- ignoring it
--13986--     old: 0x0401aec0 (strlen              ) R-> (0000.0) 0x3809de81 vgPlain_amd64_linux_REDIR_FOR_strlen
--13986--     new: 0x0401aec0 (strlen              ) R-> (2007.0) 0x04c2ee60 strlen
--13986-- REDIR: 0x4019990 (ld-linux-x86-64.so.2:strcmp) redirected to 0x4c2ff60 (strcmp)
--13986-- REDIR: 0x401b9d0 (ld-linux-x86-64.so.2:mempcpy) redirected to 0x4c33330 (mempcpy)
--13986-- Reading syms from /usr/lib/x86_64-linux-gnu/libstdc++.so.6.0.22
--13986--    object doesn't have a symbol table
--13986-- Reading syms from /lib/x86_64-linux-gnu/libm-2.24.so
--13986--   Considering /usr/lib/debug/.build-id/4e/49714c557ce0472c798f39365ca10f9c0e1933.debug ..
--13986--   .. build-id is valid
--13986-- Reading syms from /lib/x86_64-linux-gnu/libgcc_s.so.1
--13986--    object doesn't have a symbol table
--13986-- Reading syms from /lib/x86_64-linux-gnu/libc-2.24.so
--13986--   Considering /usr/lib/debug/.build-id/77/5143e680ff0cd4cd51cce1ce8ca216e635a1d6.debug ..
--13986--   .. build-id is valid
--13986-- REDIR: 0x5759710 (libc.so.6:strcasecmp) redirected to 0x4a26740 (_vgnU_ifunc_wrapper)
--13986-- REDIR: 0x57551b0 (libc.so.6:strcspn) redirected to 0x4a26740 (_vgnU_ifunc_wrapper)
--13986-- REDIR: 0x575ba00 (libc.so.6:strncasecmp) redirected to 0x4a26740 (_vgnU_ifunc_wrapper)
--13986-- REDIR: 0x5757620 (libc.so.6:strpbrk) redirected to 0x4a26740 (_vgnU_ifunc_wrapper)
--13986-- REDIR: 0x57579b0 (libc.so.6:strspn) redirected to 0x4a26740 (_vgnU_ifunc_wrapper)
--13986-- REDIR: 0x5758d80 (libc.so.6:memmove) redirected to 0x4a26740 (_vgnU_ifunc_wrapper)
--13986-- REDIR: 0x5757330 (libc.so.6:rindex) redirected to 0x4c2e7f0 (rindex)
--13986-- REDIR: 0x574ff10 (libc.so.6:malloc) redirected to 0x4c2bb40 (malloc)
--13986-- REDIR: 0x5755650 (libc.so.6:strlen) redirected to 0x4c2eda0 (strlen)
--13986-- REDIR: 0x5758980 (libc.so.6:__GI_memcmp) redirected to 0x4c31b40 (__GI_memcmp)
--13986-- REDIR: 0x5753c00 (libc.so.6:strcmp) redirected to 0x4a26740 (_vgnU_ifunc_wrapper)
--13986-- REDIR: 0x5764520 (libc.so.6:__strcmp_sse2_unaligned) redirected to 0x4c2fe20 (strcmp)
--13986-- REDIR: 0x4ec7790 (libstdc++.so.6:operator new(unsigned long)) redirected to 0x4c2c1b0 (operator new(unsigned long))
--13986-- REDIR: 0x575e100 (libc.so.6:memcpy@@GLIBC_2.14) redirected to 0x4a26740 (_vgnU_ifunc_wrapper)
--13986-- REDIR: 0x57fe020 (libc.so.6:__memcpy_avx_unaligned_erms) redirected to 0x4c325c0 (memmove)
--13986-- REDIR: 0x5758940 (libc.so.6:bcmp) redirected to 0x4a26740 (_vgnU_ifunc_wrapper)
--13986-- REDIR: 0x5818f80 (libc.so.6:__memcmp_sse4_1) redirected to 0x4c31ca0 (__memcmp_sse4_1)
--13986-- REDIR: 0x5758e70 (libc.so.6:__GI_mempcpy) redirected to 0x4c33060 (__GI_mempcpy)
--13986-- REDIR: 0x4ec58c0 (libstdc++.so.6:operator delete(void*)) redirected to 0x4c2d270 (operator delete(void*))
--13986-- REDIR: 0x5757f50 (libc.so.6:__GI_strstr) redirected to 0x4c33590 (__strstr_sse2)
--13986-- REDIR: 0x4ec7850 (libstdc++.so.6:operator new[](unsigned long)) redirected to 0x4c2c8d0 (operator new[](unsigned long))
--13986-- REDIR: 0x4ec58f0 (libstdc++.so.6:operator delete[](void*)) redirected to 0x4c2d770 (operator delete[](void*))
--13986-- REDIR: 0x5750510 (libc.so.6:free) redirected to 0x4c2cd70 (free)
--13986-- REDIR: 0x5759230 (libc.so.6:memset) redirected to 0x4a26740 (_vgnU_ifunc_wrapper)
--13986-- REDIR: 0x57fe470 (libc.so.6:__memset_avx2_unaligned_erms) redirected to 0x4c324c0 (memset)
--13986-- REDIR: 0x57539b0 (libc.so.6:index) redirected to 0x4a26740 (_vgnU_ifunc_wrapper)
--13986-- REDIR: 0x57539e0 (libc.so.6:__GI_strchr) redirected to 0x4c2e950 (__GI_strchr)
--13986-- REDIR: 0x57557f0 (libc.so.6:strnlen) redirected to 0x4c2ed40 (strnlen)
--13986-- REDIR: 0x5758e90 (libc.so.6:memcpy@GLIBC_2.2.5) redirected to 0x4c300c0 (memcpy@GLIBC_2.2.5)
--13986-- REDIR: 0x57585f0 (libc.so.6:memchr) redirected to 0x4c30000 (memchr)
==13986== Conditional jump or move depends on uninitialised value(s)
==13986==    at 0x119F1E: battle_ship::operator>>(std::istream&, battle_ship::coordinates&) (coordinates.cpp:35)
==13986==    by 0x13F9BE: battle_ship::player::attack(battle_ship::piece&, battle_ship::player&) (player.cpp:185)
==13986==    by 0x14327C: battle_ship::game::play(std::shared_ptr<battle_ship::player>&) (game.cpp:40)
==13986==    by 0x1110E8: main (battle.cpp:81)
==13986== 
==13986== 
==13986== HEAP SUMMARY:
==13986==     in use at exit: 0 bytes in 0 blocks
==13986==   total heap usage: 16,027 allocs, 16,027 frees, 340,972 bytes allocated
==13986== 
==13986== All heap blocks were freed -- no leaks are possible
==13986== 
==13986== Use --track-origins=yes to see where uninitialised values come from
==13986== ERROR SUMMARY: 1 errors from 1 contexts (suppressed: 0 from 0)
==13986== 
==13986== 1 errors in context 1 of 1:
==13986== Conditional jump or move depends on uninitialised value(s)
==13986==    at 0x119F1E: battle_ship::operator>>(std::istream&, battle_ship::coordinates&) (coordinates.cpp:35)
==13986==    by 0x13F9BE: battle_ship::player::attack(battle_ship::piece&, battle_ship::player&) (player.cpp:185)
==13986==    by 0x14327C: battle_ship::game::play(std::shared_ptr<battle_ship::player>&) (game.cpp:40)
==13986==    by 0x1110E8: main (battle.cpp:81)
==13986== 
==13986== ERROR SUMMARY: 1 errors from 1 contexts (suppressed: 0 from 0)
